<?xml version="1.0" encoding="UTF-8"?>
<!-- Generated by org.testng.reporters.JUnitReportReporter -->
<testsuite skipped="0" hostname="DESKTOP-L3ECBGE" name="Runner.TestRunner" tests="1" failures="0" timestamp="28 May 2019 14:06:33 GMT" time="8.054" errors="0">
  <testcase name="feature" time="8.054" classname="Runner.TestRunner"/>
</testsuite> <!-- Runner.TestRunner -->
